TN:
SF:src/Client.ts
FN:13,(anonymous_9)
FN:17,(anonymous_10)
FN:22,(anonymous_11)
FN:26,(anonymous_12)
FN:30,(anonymous_13)
FN:34,(anonymous_14)
FN:38,(anonymous_15)
FN:42,(anonymous_16)
FN:46,(anonymous_17)
FN:48,(anonymous_18)
FN:59,(anonymous_19)
FN:61,(anonymous_20)
FN:64,(anonymous_21)
FN:74,(anonymous_22)
FNF:14
FNH:13
FNDA:11,(anonymous_9)
FNDA:1,(anonymous_10)
FNDA:1,(anonymous_11)
FNDA:1,(anonymous_12)
FNDA:1,(anonymous_13)
FNDA:1,(anonymous_14)
FNDA:1,(anonymous_15)
FNDA:1,(anonymous_16)
FNDA:7,(anonymous_17)
FNDA:7,(anonymous_18)
FNDA:7,(anonymous_19)
FNDA:2,(anonymous_20)
FNDA:7,(anonymous_21)
FNDA:0,(anonymous_22)
DA:1,1
DA:2,1
DA:10,1
DA:14,11
DA:19,1
DA:23,1
DA:27,1
DA:31,1
DA:35,1
DA:39,1
DA:43,1
DA:48,7
DA:49,7
DA:50,7
DA:59,7
DA:60,7
DA:61,7
DA:62,2
DA:64,7
DA:65,7
DA:73,7
DA:74,7
DA:75,0
DA:76,0
DA:79,7
DA:80,2
DA:82,7
LF:27
LH:25
BRDA:13,0,0,10
BRDA:52,1,0,7
BRDA:52,1,1,7
BRDA:52,2,0,7
BRDA:52,2,1,0
BRDA:56,3,0,7
BRDA:56,3,1,7
BRDA:56,3,2,7
BRDA:59,4,0,7
BRDA:59,4,1,0
BRDA:79,5,0,2
BRDA:79,5,1,5
BRF:12
BRH:10
end_of_record
